#
# There is insufficient memory for the Java Runtime Environment to continue.
# Native memory allocation (mmap) failed to map 132120576 bytes for G1 virtual space
# Possible reasons:
#   The system is out of physical RAM or swap space
#   The process is running with CompressedOops enabled, and the Java Heap may be blocking the growth of the native heap
# Possible solutions:
#   Reduce memory load on the system
#   Increase physical memory or swap space
#   Check if swap backing store is full
#   Decrease Java heap size (-Xmx/-Xms)
#   Decrease number of Java threads
#   Decrease Java thread stack sizes (-Xss)
#   Set larger code cache with -XX:ReservedCodeCacheSize=
#   JVM is running with Unscaled Compressed Oops mode in which the Java heap is
#     placed in the first 4GB address space. The Java Heap base address is the
#     maximum limit for the native heap growth. Please use -XX:HeapBaseMinAddress
#     to set the Java Heap base and to place the Java Heap above 4GB virtual address.
# This output file may be truncated or incomplete.
#
#  Out of Memory Error (os_windows.cpp:3536), pid=16120, tid=2772
#
# JRE version:  (19.0.2+7) (build )
# Java VM: OpenJDK 64-Bit Server VM (19.0.2+7-44, mixed mode, sharing, tiered, compressed oops, compressed class ptrs, g1 gc, windows-amd64)
# No core dump will be written. Minidumps are not enabled by default on client versions of Windows
#

---------------  S U M M A R Y ------------

Command Line: -javaagent:D:\IntelliJ IDEA 2022.3.1\lib\idea_rt.jar=53807:D:\IntelliJ IDEA 2022.3.1\bin -Dfile.encoding=UTF-8 -Dsun.stdout.encoding=UTF-8 -Dsun.stderr.encoding=UTF-8 Main

Host: Intel(R) Core(TM) i5-6300U CPU @ 2.40GHz, 4 cores, 7G,  Windows 10 , 64 bit Build 19041 (10.0.19041.3636)
Time: Sun Feb 18 13:30:25 2024 GMT Standard Time elapsed time: 0.053995 seconds (0d 0h 0m 0s)

---------------  T H R E A D  ---------------

Current thread (0x00000179bacc8c90):  JavaThread "Unknown thread" [_thread_in_vm, id=2772, stack(0x00000076fb000000,0x00000076fb100000)]

Stack: [0x00000076fb000000,0x00000076fb100000]
Native frames: (J=compiled Java code, j=interpreted, Vv=VM code, C=native code)
V  [jvm.dll+0x6ee21a]
V  [jvm.dll+0x85765e]
V  [jvm.dll+0x85904e]
V  [jvm.dll+0x859703]
V  [jvm.dll+0x28298f]
V  [jvm.dll+0x6eb009]
V  [jvm.dll+0x6dfbaa]
V  [jvm.dll+0x3573f6]
V  [jvm.dll+0x35ee56]
V  [jvm.dll+0x3b541e]
V  [jvm.dll+0x3b564f]
V  [jvm.dll+0x32c9ea]
V  [jvm.dll+0x32d89e]
V  [jvm.dll+0x821780]
V  [jvm.dll+0x3c2661]
V  [jvm.dll+0x801f51]
V  [jvm.dll+0x44ae8f]
V  [jvm.dll+0x44c811]
C  [jli.dll+0x5287]
C  [ucrtbase.dll+0x21bb2]
C  [KERNEL32.DLL+0x17344]
C  [ntdll.dll+0x526b1]


---------------  P R O C E S S  ---------------

Threads class SMR info:
_java_thread_list=0x00007ffbe4a0d048, length=0, elements={
}

Java Threads: ( => current thread )

Other Threads:
  0x00000179bad25f10 WorkerThread "GC Thread#0" [stack: 0x00000076fb100000,0x00000076fb200000] [id=17288]
  0x00000179bad37b70 ConcurrentGCThread "G1 Main Marker" [stack: 0x00000076fb200000,0x00000076fb300000] [id=5388]
  0x00000179bad38d40 WorkerThread "G1 Conc#0" [stack: 0x00000076fb300000,0x00000076fb400000] [id=4572]

[error occurred during error reporting (printing all threads), id 0xc0000005, EXCEPTION_ACCESS_VIOLATION (0xc0000005) at pc=0x00007ffbe41cd427]

VM state: not at safepoint (not fully initialized)

VM Mutex/Monitor currently owned by a thread:  ([mutex/lock_event])
[0x00000179bacc3d10] Heap_lock - owner thread: 0x00000179bacc8c90

Heap address: 0x0000000082c00000, size: 2004 MB, Compressed Oops mode: 32-bit

CDS archive(s) mapped at: [0x0000000000000000-0x0000000000000000-0x0000000000000000), size 0, SharedBaseAddress: 0x0000000800000000, ArchiveRelocationMode: 0.
Narrow klass base: 0x0000000000000000, Narrow klass shift: 0, Narrow klass range: 0x0

GC Precious Log:
 CardTable entry size: 512
 Card Set container configuration: InlinePtr #cards 5 size 8 Array Of Cards #cards 12 size 40 Howl #buckets 4 coarsen threshold 1843 Howl Bitmap #cards 512 size 80 coarsen threshold 460 Card regions per heap region 1 cards per card region 2048

Heap:
 garbage-first heap   total 0K, used 0K [0x0000000082c00000, 0x0000000100000000)
  region size 1024K, 0 young (0K), 0 survivors (0K)

[error occurred during error reporting (printing heap information), id 0xc0000005, EXCEPTION_ACCESS_VIOLATION (0xc0000005) at pc=0x00007ffbe45d6649]

GC Heap History (0 events):
No events

Dll operation events (1 events):
Event: 0.040 Loaded shared library C:\Users\Admin\.jdks\openjdk-19.0.2\bin\java.dll

Deoptimization events (0 events):
No events

Classes loaded (0 events):
No events

Classes unloaded (0 events):
No events

Classes redefined (0 events):
No events

Internal exceptions (0 events):
No events

VM Operations (0 events):
No events

Events (0 events):
No events


Dynamic libraries:
0x00007ff7267f0000 - 0x00007ff7267fe000 	C:\Users\Admin\.jdks\openjdk-19.0.2\bin\java.exe
0x00007ffc71c50000 - 0x00007ffc71e48000 	C:\WINDOWS\SYSTEM32\ntdll.dll
0x00007ffc41920000 - 0x00007ffc41939000 	C:\Program Files\Avast Software\Avast\aswhook.dll
0x00007ffc70c60000 - 0x00007ffc70d1d000 	C:\WINDOWS\System32\KERNEL32.DLL
0x00007ffc6f630000 - 0x00007ffc6f926000 	C:\WINDOWS\System32\KERNELBASE.dll
0x00007ffc6f930000 - 0x00007ffc6fa30000 	C:\WINDOWS\System32\ucrtbase.dll
0x00007ffc3c920000 - 0x00007ffc3c93b000 	C:\Users\Admin\.jdks\openjdk-19.0.2\bin\VCRUNTIME140.dll
0x00007ffc3be60000 - 0x00007ffc3be77000 	C:\Users\Admin\.jdks\openjdk-19.0.2\bin\jli.dll
0x00007ffc70ac0000 - 0x00007ffc70c5e000 	C:\WINDOWS\System32\USER32.dll
0x00007ffc6f310000 - 0x00007ffc6f332000 	C:\WINDOWS\System32\win32u.dll
0x00007ffc70de0000 - 0x00007ffc70e0b000 	C:\WINDOWS\System32\GDI32.dll
0x00007ffc64fb0000 - 0x00007ffc6524a000 	C:\WINDOWS\WinSxS\amd64_microsoft.windows.common-controls_6595b64144ccf1df_6.0.19041.3636_none_60b6a03d71f818d5\COMCTL32.dll
0x00007ffc6fb70000 - 0x00007ffc6fc87000 	C:\WINDOWS\System32\gdi32full.dll
0x00007ffc703b0000 - 0x00007ffc7044e000 	C:\WINDOWS\System32\msvcrt.dll
0x00007ffc6f590000 - 0x00007ffc6f62d000 	C:\WINDOWS\System32\msvcp_win.dll
0x00007ffc70370000 - 0x00007ffc703a2000 	C:\WINDOWS\System32\IMM32.DLL
0x00007ffc5d9d0000 - 0x00007ffc5d9dc000 	C:\Users\Admin\.jdks\openjdk-19.0.2\bin\vcruntime140_1.dll
0x00007ffc24210000 - 0x00007ffc2429e000 	C:\Users\Admin\.jdks\openjdk-19.0.2\bin\msvcp140.dll
0x00007ffbe3e90000 - 0x00007ffbe4b50000 	C:\Users\Admin\.jdks\openjdk-19.0.2\bin\server\jvm.dll
0x00007ffc70960000 - 0x00007ffc70a13000 	C:\WINDOWS\System32\ADVAPI32.dll
0x00007ffc70a20000 - 0x00007ffc70abf000 	C:\WINDOWS\System32\sechost.dll
0x00007ffc71950000 - 0x00007ffc71a76000 	C:\WINDOWS\System32\RPCRT4.dll
0x00007ffc6f4a0000 - 0x00007ffc6f4c7000 	C:\WINDOWS\System32\bcrypt.dll
0x00007ffc654c0000 - 0x00007ffc654e7000 	C:\WINDOWS\SYSTEM32\WINMM.dll
0x00007ffc63fd0000 - 0x00007ffc63fd9000 	C:\WINDOWS\SYSTEM32\WSOCK32.dll
0x00007ffc70450000 - 0x00007ffc704bb000 	C:\WINDOWS\System32\WS2_32.dll
0x00007ffc69500000 - 0x00007ffc6950a000 	C:\WINDOWS\SYSTEM32\VERSION.dll
0x00007ffc6dba0000 - 0x00007ffc6dbb2000 	C:\WINDOWS\SYSTEM32\kernel.appcore.dll
0x00007ffc57590000 - 0x00007ffc5759a000 	C:\Users\Admin\.jdks\openjdk-19.0.2\bin\jimage.dll
0x00007ffc6d850000 - 0x00007ffc6da34000 	C:\WINDOWS\SYSTEM32\DBGHELP.DLL
0x00007ffc66580000 - 0x00007ffc665b4000 	C:\WINDOWS\SYSTEM32\dbgcore.DLL
0x00007ffc6fa30000 - 0x00007ffc6fab2000 	C:\WINDOWS\System32\bcryptPrimitives.dll
0x00007ffc57490000 - 0x00007ffc5749e000 	C:\Users\Admin\.jdks\openjdk-19.0.2\bin\instrument.dll
0x00007ffc3aa20000 - 0x00007ffc3aa46000 	C:\Users\Admin\.jdks\openjdk-19.0.2\bin\java.dll

dbghelp: loaded successfully - version: 4.0.5 - missing functions: none
symbol engine: initialized successfully - sym options: 0x614 - pdb path: .;C:\Users\Admin\.jdks\openjdk-19.0.2\bin;C:\WINDOWS\SYSTEM32;C:\Program Files\Avast Software\Avast;C:\WINDOWS\WinSxS\amd64_microsoft.windows.common-controls_6595b64144ccf1df_6.0.19041.3636_none_60b6a03d71f818d5;C:\Users\Admin\.jdks\openjdk-19.0.2\bin\server

VM Arguments:
jvm_args: -javaagent:D:\IntelliJ IDEA 2022.3.1\lib\idea_rt.jar=53807:D:\IntelliJ IDEA 2022.3.1\bin -Dfile.encoding=UTF-8 -Dsun.stdout.encoding=UTF-8 -Dsun.stderr.encoding=UTF-8 
java_command: Main
java_class_path (initial): C:\Users\Admin\Desktop\YEAR 1 sussex\Semester one\LibraryCode\out\production\LibraryCode
Launcher Type: SUN_STANDARD

[Global flags]
     intx CICompilerCount                          = 3                                         {product} {ergonomic}
     uint ConcGCThreads                            = 1                                         {product} {ergonomic}
     uint G1ConcRefinementThreads                  = 4                                         {product} {ergonomic}
   size_t G1HeapRegionSize                         = 1048576                                   {product} {ergonomic}
    uintx GCDrainStackTargetSize                   = 64                                        {product} {ergonomic}
   size_t InitialHeapSize                          = 132120576                                 {product} {ergonomic}
   size_t MarkStackSize                            = 4194304                                   {product} {ergonomic}
   size_t MaxHeapSize                              = 2101346304                                {product} {ergonomic}
   size_t MinHeapDeltaBytes                        = 1048576                                   {product} {ergonomic}
   size_t MinHeapSize                              = 8388608                                   {product} {ergonomic}
    uintx NonNMethodCodeHeapSize                   = 5832780                                {pd product} {ergonomic}
    uintx NonProfiledCodeHeapSize                  = 122912730                              {pd product} {ergonomic}
    uintx ProfiledCodeHeapSize                     = 122912730                              {pd product} {ergonomic}
    uintx ReservedCodeCacheSize                    = 251658240                              {pd product} {ergonomic}
     bool SegmentedCodeCache                       = true                                      {product} {ergonomic}
   size_t SoftMaxHeapSize                          = 2101346304                             {manageable} {ergonomic}
     bool UseCompressedClassPointers               = true                           {product lp64_product} {ergonomic}
     bool UseCompressedOops                        = true                           {product lp64_product} {ergonomic}
     bool UseG1GC                                  = true                                      {product} {ergonomic}
     bool UseLargePagesIndividualAllocation        = false                                  {pd product} {ergonomic}

Logging:
Log output configuration:
 #0: stdout all=warning uptime,level,tags foldmultilines=false
 #1: stderr all=off uptime,level,tags foldmultilines=false

Environment Variables:
PATH=C:\Program Files\Common Files\Oracle\Java\javapath;C:\WINDOWS\system32;C:\WINDOWS;C:\WINDOWS\System32\Wbem;C:\WINDOWS\System32\WindowsPowerShell\v1.0\;C:\WINDOWS\System32\OpenSSH\;C:\Program Files\dotnet\;C:\Program Files\Intel\WiFi\bin\;C:\Program Files\Common Files\Intel\WirelessCommon\;C:\Program Files\Microsoft SQL Server\150\Tools\Binn\;C:\Program Files (x86)\dotnet\;C:\Program Files (x86)\Intel\Intel(R) Management Engine Components\DAL;C:\Program Files\Intel\Intel(R) Management Engine Components\DAL;D:\Git\cmd;C:\Users\Admin\AppData\Local\Microsoft\WindowsApps;C:\Users\Admin\AppData\Local\Microsoft\WindowsApps\PythonSoftwareFoundation.Python.3.11_qbz5n2kfra8p0\python.exe;C:\Users\Admin\AppData\Local\Packages\PythonSoftwareFoundation.Python.3.11_qbz5n2kfra8p0\LocalCache\local-packages\Python311\Scripts;D:\Microsoft VS Code\bin
USERNAME=Admin
OS=Windows_NT
PROCESSOR_IDENTIFIER=Intel64 Family 6 Model 78 Stepping 3, GenuineIntel
TMP=C:\Users\Admin\AppData\Local\Temp
TEMP=C:\Users\Admin\AppData\Local\Temp



---------------  S Y S T E M  ---------------

OS:
 Windows 10 , 64 bit Build 19041 (10.0.19041.3636)
OS uptime: 1 days 11:25 hours

CPU: total 4 (initial active 4) (2 cores per cpu, 2 threads per core) family 6 model 78 stepping 3 microcode 0xf0, cx8, cmov, fxsr, ht, mmx, 3dnowpref, sse, sse2, sse3, ssse3, sse4.1, sse4.2, popcnt, lzcnt, tsc, tscinvbit, avx, avx2, aes, erms, clmul, bmi1, bmi2, rtm, adx, fma, vzeroupper, clflush, clflushopt, rdtscp

Memory: 4k page, system-wide physical 8012M (558M free)
TotalPageFile size 12108M (AvailPageFile size 29M)
current process WorkingSet (physical memory assigned to process): 11M, peak: 11M
current process commit charge ("private bytes"): 52M, peak: 178M

vm_info: OpenJDK 64-Bit Server VM (19.0.2+7-44) for windows-amd64 JRE (19.0.2+7-44), built on 2022-11-30T18:02:09Z by "mach5one" with MS VC++ 17.1 (VS2022)

END.
